<?xml version="1.0" encoding="UTF-8"?>
<testng-results total="1" passed="1" failed="0" skipped="0">
  <reporter-output>
  </reporter-output>
  <suite started-at="2021-05-20T05:13:42Z" name="Default suite" finished-at="2021-05-20T05:13:47Z" duration-ms="4804">
    <groups>
    </groups>
    <test started-at="2021-05-20T05:13:42Z" name="Default test" finished-at="2021-05-20T05:13:47Z" duration-ms="4804">
      <class name="DataDriven">
        <test-method signature="addPlace()[pri:0, instance:DataDriven@38604b81]" started-at="2021-05-20T10:43:43Z" name="addPlace" finished-at="2021-05-20T10:43:47Z" duration-ms="4776" status="PASS">
          <reporter-output>
          </reporter-output>
        </test-method> <!-- addPlace -->
      </class> <!-- DataDriven -->
    </test> <!-- Default test -->
  </suite> <!-- Default suite -->
</testng-results>
